[debug] [2025-07-07T07:43:00.043Z] ----------------------------------------------------------------------
[debug] [2025-07-07T07:43:00.046Z] Command:       C:\Program Files\nodejs\node.exe C:\Users\mohsi\AppData\Roaming\npm\node_modules\firebase-tools\lib\bin\firebase.js init
[debug] [2025-07-07T07:43:00.046Z] CLI Version:   14.9.0
[debug] [2025-07-07T07:43:00.046Z] Platform:      win32
[debug] [2025-07-07T07:43:00.046Z] Node Version:  v20.17.0
[debug] [2025-07-07T07:43:00.046Z] Time:          Mon Jul 07 2025 13:13:00 GMT+0530 (India Standard Time)
[debug] [2025-07-07T07:43:00.046Z] ----------------------------------------------------------------------
[debug] 
[debug] [2025-07-07T07:43:00.051Z] > command requires scopes: ["email","openid","https://www.googleapis.com/auth/cloudplatformprojects.readonly","https://www.googleapis.com/auth/firebase","https://www.googleapis.com/auth/cloud-platform"]
[debug] [2025-07-07T07:43:00.052Z] > authorizing via signed-in user (mohsinhassan617@gmail.com)
[info] 
     ######## #### ########  ######## ########     ###     ######  ########
     ##        ##  ##     ## ##       ##     ##  ##   ##  ##       ##
     ######    ##  ########  ######   ########  #########  ######  ######
     ##        ##  ##    ##  ##       ##     ## ##     ##       ## ##
     ##       #### ##     ## ######## ########  ##     ##  ######  ########

You're about to initialize a Firebase project in this directory:

  C:\Users\mohsi\Downloads\Backend\ju_shodh_sahayak-main1

[debug] [2025-07-07T07:47:47.774Z] ExitPromptError: User force closed the prompt with SIGINT
    at Interface.sigint (C:\Users\mohsi\AppData\Roaming\npm\node_modules\firebase-tools\node_modules\@inquirer\core\dist\commonjs\lib\create-prompt.js:101:37)
    at Interface.emit (node:events:519:28)
    at Interface.emit (node:domain:488:12)
    at [_ttyWrite] [as _ttyWrite] (node:internal/readline/interface:1126:18)
    at ReadStream.onkeypress (node:internal/readline/interface:265:20)
    at ReadStream.emit (node:events:531:35)
    at ReadStream.emit (node:domain:488:12)
    at emitKeys (node:internal/readline/utils:371:14)
    at emitKeys.next (<anonymous>)
    at ReadStream.onData (node:internal/readline/emitKeypressEvents:64:36)
[error] 
[error] Error: An unexpected error has occurred.
